<?xml version="1.0" encoding="UTF-8"?>
<testng-results ignored="0" total="0" passed="0" failed="0" skipped="0">
  <reporter-output>
  </reporter-output>
  <suite started-at="2024-04-26T16:29:33 IST" name="Surefire suite" finished-at="2024-04-26T16:29:35 IST" duration-ms="2015">
    <groups>
    </groups>
    <test started-at="2024-04-26T16:29:33 IST" name="Surefire test" finished-at="2024-04-26T16:29:35 IST" duration-ms="2015">
      <class name="com.nithish.AppTest">
        <test-method is-config="true" signature="CreateBrowser()[pri:0, instance:com.nithish.AppTest@4c1d9d4b]" started-at="2024-04-26T16:29:33 IST" name="CreateBrowser" finished-at="2024-04-26T16:29:35 IST" duration-ms="1997" status="PASS">
          <reporter-output>
          </reporter-output>
        </test-method> <!-- CreateBrowser -->
      </class> <!-- com.nithish.AppTest -->
    </test> <!-- Surefire test -->
  </suite> <!-- Surefire suite -->
</testng-results>
